<?xml version="1.0" encoding="UTF-8"?>
<!-- Generated by org.testng.reporters.JUnitXMLReporter -->
<testsuite ignored="0" hostname="DESKTOP-12ABEIV" failures="1" tests="4" name="ChromeTest" time="14.71" errors="0" timestamp="2023-03-05T20:21:44 IST">
  <testcase classname="com.saucedemo.TestPack.TC01_VerfiyLoginFunctionality" name="verfiyLoginFunctionality" time="0.13"/>
  <testcase classname="com.saucedemo.TestPack.TC02_VerifyLogOutFunctionality" name="verifyLogOutFunctionality" time="0.416"/>
  <testcase classname="com.saucedemo.TestPack.TC03_VerifyBagProductAddToCartFunctionality" name="verifyBagProductAddToCartFunctionality" time="0.253"/>
  <testcase classname="com.saucedemo.TestPack.TC04_VerfiyAllProductsAddToCartFunctionality" name="verfiyAllProductsAddToCartFunctionality" time="0.389">
    <failure type="java.lang.AssertionError" message="expected [6] but found [3]">
      <![CDATA[java.lang.AssertionError: expected [6] but found [3]
at com.saucedemo.TestPack.TC04_VerfiyAllProductsAddToCartFunctionality.verfiyAllProductsAddToCartFunctionality(TC04_VerfiyAllProductsAddToCartFunctionality.java:27)
at java.base/java.util.ArrayList.forEach(ArrayList.java:1511)
... Removed 31 stack frames]]>
    </failure>
  </testcase> <!-- verfiyAllProductsAddToCartFunctionality -->
</testsuite> <!-- ChromeTest -->
